<?xml version="1.0" encoding="UTF-8"?>
<!-- Generated by org.testng.reporters.JUnitReportReporter -->
<testsuite hostname="HHS-LAP-337" failures="0" tests="1" name="CambridgeGrid.CambridgeTestData" time="61.611" errors="0" timestamp="2022-11-10T14:43:32 IST" skipped="0">
  <testcase classname="CambridgeGrid.CambridgeTestData" name="Cambridge" time="61.611"/>
  <system-out/>
</testsuite> <!-- CambridgeGrid.CambridgeTestData -->
