<?xml version="1.0" encoding="UTF-8"?>
<!-- Generated by org.testng.reporters.JUnitReportReporter -->
<testsuite hostname="HHS-LAP-337" failures="0" tests="1" name="CambridgeHeadless.ObjectRepositry" time="41.798" errors="0" timestamp="2022-11-11T22:30:52 IST" skipped="0">
  <testcase classname="CambridgeHeadless.ObjectRepositry" name="setup" time="41.798"/>
  <system-out/>
</testsuite> <!-- CambridgeHeadless.ObjectRepositry -->
